#
# A fatal error has been detected by the Java Runtime Environment:
#
#  EXCEPTION_ACCESS_VIOLATION (0xc0000005) at pc=0x00000000744bc1ba, pid=15752, tid=0x0000000000002c90
#
# JRE version: Java(TM) SE Runtime Environment (8.0_201-b09) (build 1.8.0_201-b09)
# Java VM: Java HotSpot(TM) 64-Bit Server VM (25.201-b09 mixed mode windows-amd64 compressed oops)
# Problematic frame:
# V  [jvm.dll+0x13c1ba]
#
# Failed to write core dump. Minidumps are not enabled by default on client versions of Windows
#
# If you would like to submit a bug report, please visit:
#   http://bugreport.java.com/bugreport/crash.jsp
#

---------------  T H R E A D  ---------------

Current thread (0x00000000170a3800):  JavaThread "JDWP Transport Listener: dt_socket" daemon [_thread_in_vm, id=11408, stack(0x0000000018a20000,0x0000000018b20000)]

siginfo: ExceptionCode=0xc0000005, reading address 0x0000000000000000

Registers:
RAX=0x0000000016c1fc00, RBX=0x0000000018b1f740, RCX=0x0000000000000000, RDX=0x0000000000000000
RSP=0x0000000018b1f390, RBP=0x0000000016c1f302, RSI=0x00000000000000ca, RDI=0x0000000000000017
R8 =0x00000000000000b9, R9 =0x0000000000000000, R10=0x00000000000000b9, R11=0x0000000000000000
R12=0x0000000016c1fc88, R13=0x00000000170a4370, R14=0x00000000170a4748, R15=0x00000000000003d8
RIP=0x00000000744bc1ba, EFLAGS=0x0000000000010206

Top of Stack: (sp=0x0000000018b1f390)
0x0000000018b1f390:   00000000025756d0 0000000000000000
0x0000000018b1f3a0:   000000000246e150 000000000246e110
0x0000000018b1f3b0:   0000000000000017 000000007453f3e8
0x0000000018b1f3c0:   0000000018b1f740 00000000745c7810
0x0000000018b1f3d0:   0000000018b1f980 0000000000000000
0x0000000018b1f3e0:   0000000000000000 0000000000000000
0x0000000018b1f3f0:   000000000246e110 00000000025a8ec0
0x0000000018b1f400:   00000000025756d0 0000000000000000
0x0000000018b1f410:   000000000246e150 000000000246e110
0x0000000018b1f420:   0000000000000000 000000007453f5b0
0x0000000018b1f430:   00000000170a89a0 00000000170a3800
0x0000000018b1f440:   00000000197f0db0 0000000018b1f740
0x0000000018b1f450:   0000000018b1f740 00000000745cc0e0
0x0000000018b1f460:   0000000000000000 0000000074598784
0x0000000018b1f470:   0000000002564a00 0000000000000000
0x0000000018b1f480:   0000000002471950 000000007459e972 

Instructions: (pc=0x00000000744bc1ba)
0x00000000744bc19a:   ff ca 88 41 ff 75 ef 43 c6 04 10 00 49 8b c2 c3
0x00000000744bc1aa:   cc cc cc cc cc cc 48 89 5c 24 08 57 48 83 ec 20
0x00000000744bc1ba:   0f b7 39 48 8b d9 33 d2 ff c7 48 63 cf e8 04 1b
0x00000000744bc1ca:   fb ff 4c 8b d8 85 ff 7e 45 44 0f b7 03 8d 57 ff 


Register to memory mapping:

RAX=0x0000000016c1fc00 is pointing into metadata
RBX=0x0000000018b1f740 is pointing into the stack for thread: 0x00000000170a3800
RCX=0x0000000000000000 is an unknown value
RDX=0x0000000000000000 is an unknown value
RSP=0x0000000018b1f390 is pointing into the stack for thread: 0x00000000170a3800
RBP=0x0000000016c1f302 is pointing into metadata
RSI=0x00000000000000ca is an unknown value
RDI=0x0000000000000017 is an unknown value
R8 =0x00000000000000b9 is an unknown value
R9 =0x0000000000000000 is an unknown value
R10=0x00000000000000b9 is an unknown value
R11=0x0000000000000000 is an unknown value
R12={method} {0x0000000016c1fc90} 'open_the_URL' '()V' in 'com/NishaDrill/NishaDrill1/StepDefdrill'
R13=0x00000000170a4370 is an unknown value
R14=0x00000000170a4748 is an unknown value
R15=0x00000000000003d8 is an unknown value


Stack: [0x0000000018a20000,0x0000000018b20000],  sp=0x0000000018b1f390,  free space=1020k
Native frames: (J=compiled Java code, j=interpreted, Vv=VM code, C=native code)
V  [jvm.dll+0x13c1ba]
V  [jvm.dll+0x1bf3e8]
V  [jvm.dll+0x1bf5b0]
V  [jvm.dll+0x24c0e0]
V  [jvm.dll+0x1a805c]
V  [jvm.dll+0x342ec5]
C  [jdwp.dll+0x7b0b]
C  [jdwp.dll+0xf15d]
C  [jdwp.dll+0x1f5c9]
C  [jdwp.dll+0x1f79e]
V  [jvm.dll+0x1be52a]
V  [jvm.dll+0x24656f]
V  [jvm.dll+0x29fb6a]
C  [msvcr100.dll+0x21db7]
C  [msvcr100.dll+0x21e53]
C  [KERNEL32.DLL+0x17bd4]
C  [ntdll.dll+0x6ce51]


---------------  P R O C E S S  ---------------

Java Threads: ( => current thread )
  0x0000000019c67000 JavaThread "Okio Watchdog" daemon [_thread_blocked, id=12980, stack(0x000000001c1f0000,0x000000001c2f0000)]
  0x000000001918d800 JavaThread "OkHttp ConnectionPool" daemon [_thread_blocked, id=956, stack(0x000000001bff0000,0x000000001c0f0000)]
  0x00000000199ff800 JavaThread "Exec Stream Pumper" daemon [_thread_in_native, id=15876, stack(0x000000001bbf0000,0x000000001bcf0000)]
  0x000000001a0df000 JavaThread "Exec Stream Pumper" daemon [_thread_in_native, id=17008, stack(0x000000001baf0000,0x000000001bbf0000)]
  0x000000001a039000 JavaThread "Exec Default Executor" daemon [_thread_in_native, id=15732, stack(0x000000001b7f0000,0x000000001b8f0000)]
  0x0000000019df9800 JavaThread "mysql-cj-abandoned-connection-cleanup" daemon [_thread_blocked, id=14308, stack(0x00000000007d0000,0x00000000008d0000)]
  0x00000000196be800 JavaThread "ReaderThread" [_thread_in_native, id=1032, stack(0x0000000019e20000,0x0000000019f20000)]
  0x000000001908e000 JavaThread "Service Thread" daemon [_thread_blocked, id=17172, stack(0x0000000019420000,0x0000000019520000)]
  0x00000000170c4800 JavaThread "C1 CompilerThread2" daemon [_thread_blocked, id=9332, stack(0x0000000018f20000,0x0000000019020000)]
  0x00000000170c3000 JavaThread "C2 CompilerThread1" daemon [_thread_blocked, id=8748, stack(0x0000000018e20000,0x0000000018f20000)]
  0x00000000170c1000 JavaThread "C2 CompilerThread0" daemon [_thread_blocked, id=18196, stack(0x0000000018d20000,0x0000000018e20000)]
  0x00000000170b4000 JavaThread "JDWP Command Reader" daemon [_thread_in_native, id=16564, stack(0x0000000018c20000,0x0000000018d20000)]
  0x00000000170b0800 JavaThread "JDWP Event Helper Thread" daemon [_thread_blocked, id=9996, stack(0x0000000018b20000,0x0000000018c20000)]
=>0x00000000170a3800 JavaThread "JDWP Transport Listener: dt_socket" daemon [_thread_in_vm, id=11408, stack(0x0000000018a20000,0x0000000018b20000)]
  0x0000000017098000 JavaThread "Attach Listener" daemon [_thread_blocked, id=12460, stack(0x00000000185e0000,0x00000000186e0000)]
  0x0000000017096800 JavaThread "Signal Dispatcher" daemon [_thread_blocked, id=10436, stack(0x00000000184e0000,0x00000000185e0000)]
  0x000000001707b000 JavaThread "Finalizer" daemon [_thread_blocked, id=12860, stack(0x00000000182e0000,0x00000000183e0000)]
  0x000000001707a000 JavaThread "Reference Handler" daemon [_thread_blocked, id=1044, stack(0x00000000181e0000,0x00000000182e0000)]
  0x0000000002474800 JavaThread "main" [_thread_blocked, id=15616, stack(0x0000000002370000,0x0000000002470000)]

Other Threads:
  0x0000000017057000 VMThread [stack: 0x00000000180e0000,0x00000000181e0000] [id=2532]
  0x000000001909a000 WatcherThread [stack: 0x0000000019520000,0x0000000019620000] [id=16960]

VM state:not at safepoint (normal execution)

VM Mutex/Monitor currently owned by a thread: None

heap address: 0x0000000081e00000, size: 2018 MB, Compressed Oops mode: 32-bit
Narrow klass base: 0x0000000000000000, Narrow klass shift: 3
Compressed class space size: 1073741824 Address: 0x0000000100000000

Heap:
 PSYoungGen      total 38400K, used 8934K [0x00000000d5f80000, 0x00000000daa80000, 0x0000000100000000)
  eden space 33280K, 26% used [0x00000000d5f80000,0x00000000d6839ac0,0x00000000d8000000)
  from space 5120K, 0% used [0x00000000d8500000,0x00000000d8500000,0x00000000d8a00000)
  to   space 5120K, 0% used [0x00000000d8000000,0x00000000d8000000,0x00000000d8500000)
 ParOldGen       total 49664K, used 8341K [0x0000000081e00000, 0x0000000084e80000, 0x00000000d5f80000)
  object space 49664K, 16% used [0x0000000081e00000,0x0000000082625558,0x0000000084e80000)
 Metaspace       used 22012K, capacity 22758K, committed 22832K, reserved 1069056K
  class space    used 2882K, capacity 3066K, committed 3120K, reserved 1048576K

Card table byte_map: [0x0000000011930000,0x0000000011d30000] byte_map_base: 0x0000000011521000

Marking Bits: (ParMarkBitMap*) 0x0000000074ba4ce0
 Begin Bits: [0x00000000123e0000, 0x0000000014368000)
 End Bits:   [0x0000000014368000, 0x00000000162f0000)

Polling page: 0x0000000000a00000

CodeCache: size=245760Kb used=6467Kb max_used=6744Kb free=239292Kb
 bounds [0x0000000002570000, 0x0000000002c10000, 0x0000000011570000]
 total_blobs=2242 nmethods=1794 adapters=368
 compilation: enabled

Compilation events (10 events):
Event: 194.310 Thread 0x00000000170c4800 1871       3       java.util.regex.Matcher::group (112 bytes)
Event: 194.311 Thread 0x00000000170c4800 nmethod 1871 0x0000000002c04f50 code [0x0000000002c051a0, 0x0000000002c05f68]
Event: 194.311 Thread 0x00000000170c4800 1872       3       java.lang.AbstractStringBuilder::append (54 bytes)
Event: 194.311 Thread 0x00000000170c4800 nmethod 1872 0x0000000002c06590 code [0x0000000002c06760, 0x0000000002c07088]
Event: 209.262 Thread 0x00000000170c4800 1873   !   3       sun.misc.URLClassPath::check (123 bytes)
Event: 209.263 Thread 0x00000000170c4800 nmethod 1873 0x0000000002c07210 code [0x0000000002c074e0, 0x0000000002c08da8]
Event: 299.275 Thread 0x00000000170c4800 1874       3       sun.misc.URLClassPath::findResource (47 bytes)
Event: 299.276 Thread 0x00000000170c4800 nmethod 1874 0x00000000026a9410 code [0x00000000026a95a0, 0x00000000026a9968]
Event: 414.304 Thread 0x00000000170c3000 1875       4       java.lang.ref.ReferenceQueue::reallyPoll (65 bytes)
Event: 414.306 Thread 0x00000000170c3000 nmethod 1875 0x00000000026c0cd0 code [0x00000000026c0e00, 0x00000000026c0f38]

GC Heap History (10 events):
Event: 1.505 GC heap before
{Heap before GC invocations=1 (full 0):
 PSYoungGen      total 38400K, used 33280K [0x00000000d5f80000, 0x00000000d8a00000, 0x0000000100000000)
  eden space 33280K, 100% used [0x00000000d5f80000,0x00000000d8000000,0x00000000d8000000)
  from space 5120K, 0% used [0x00000000d8500000,0x00000000d8500000,0x00000000d8a00000)
  to   space 5120K, 0% used [0x00000000d8000000,0x00000000d8000000,0x00000000d8500000)
 ParOldGen       total 87552K, used 0K [0x0000000081e00000, 0x0000000087380000, 0x00000000d5f80000)
  object space 87552K, 0% used [0x0000000081e00000,0x0000000081e00000,0x0000000087380000)
 Metaspace       used 7715K, capacity 7856K, committed 8064K, reserved 1056768K
  class space    used 1080K, capacity 1106K, committed 1152K, reserved 1048576K
Event: 1.511 GC heap after
Heap after GC invocations=1 (full 0):
 PSYoungGen      total 38400K, used 4194K [0x00000000d5f80000, 0x00000000d8a00000, 0x0000000100000000)
  eden space 33280K, 0% used [0x00000000d5f80000,0x00000000d5f80000,0x00000000d8000000)
  from space 5120K, 81% used [0x00000000d8000000,0x00000000d8418848,0x00000000d8500000)
  to   space 5120K, 0% used [0x00000000d8500000,0x00000000d8500000,0x00000000d8a00000)
 ParOldGen       total 87552K, used 8K [0x0000000081e00000, 0x0000000087380000, 0x00000000d5f80000)
  object space 87552K, 0% used [0x0000000081e00000,0x0000000081e02000,0x0000000087380000)
 Metaspace       used 7715K, capacity 7856K, committed 8064K, reserved 1056768K
  class space    used 1080K, capacity 1106K, committed 1152K, reserved 1048576K
}
Event: 184.904 GC heap before
{Heap before GC invocations=2 (full 0):
 PSYoungGen      total 38400K, used 37474K [0x00000000d5f80000, 0x00000000d8a00000, 0x0000000100000000)
  eden space 33280K, 100% used [0x00000000d5f80000,0x00000000d8000000,0x00000000d8000000)
  from space 5120K, 81% used [0x00000000d8000000,0x00000000d8418848,0x00000000d8500000)
  to   space 5120K, 0% used [0x00000000d8500000,0x00000000d8500000,0x00000000d8a00000)
 ParOldGen       total 87552K, used 8K [0x0000000081e00000, 0x0000000087380000, 0x00000000d5f80000)
  object space 87552K, 0% used [0x0000000081e00000,0x0000000081e02000,0x0000000087380000)
 Metaspace       used 15184K, capacity 15448K, committed 15616K, reserved 1062912K
  class space    used 1925K, capacity 2026K, committed 2048K, reserved 1048576K
Event: 184.913 GC heap after
Heap after GC invocations=2 (full 0):
 PSYoungGen      total 38400K, used 5089K [0x00000000d5f80000, 0x00000000d8a00000, 0x0000000100000000)
  eden space 33280K, 0% used [0x00000000d5f80000,0x00000000d5f80000,0x00000000d8000000)
  from space 5120K, 99% used [0x00000000d8500000,0x00000000d89f8480,0x00000000d8a00000)
  to   space 5120K, 0% used [0x00000000d8000000,0x00000000d8000000,0x00000000d8500000)
 ParOldGen       total 87552K, used 3930K [0x0000000081e00000, 0x0000000087380000, 0x00000000d5f80000)
  object space 87552K, 4% used [0x0000000081e00000,0x00000000821d6b30,0x0000000087380000)
 Metaspace       used 15184K, capacity 15448K, committed 15616K, reserved 1062912K
  class space    used 1925K, capacity 2026K, committed 2048K, reserved 1048576K
}
Event: 189.152 GC heap before
{Heap before GC invocations=3 (full 0):
 PSYoungGen      total 38400K, used 38369K [0x00000000d5f80000, 0x00000000d8a00000, 0x0000000100000000)
  eden space 33280K, 100% used [0x00000000d5f80000,0x00000000d8000000,0x00000000d8000000)
  from space 5120K, 99% used [0x00000000d8500000,0x00000000d89f8480,0x00000000d8a00000)
  to   space 5120K, 0% used [0x00000000d8000000,0x00000000d8000000,0x00000000d8500000)
 ParOldGen       total 87552K, used 3930K [0x0000000081e00000, 0x0000000087380000, 0x00000000d5f80000)
  object space 87552K, 4% used [0x0000000081e00000,0x00000000821d6b30,0x0000000087380000)
 Metaspace       used 20253K, capacity 20866K, committed 20992K, reserved 1067008K
  class space    used 2629K, capacity 2779K, committed 2816K, reserved 1048576K
Event: 189.162 GC heap after
Heap after GC invocations=3 (full 0):
 PSYoungGen      total 38400K, used 5104K [0x00000000d5f80000, 0x00000000d8a00000, 0x0000000100000000)
  eden space 33280K, 0% used [0x00000000d5f80000,0x00000000d5f80000,0x00000000d8000000)
  from space 5120K, 99% used [0x00000000d8000000,0x00000000d84fc050,0x00000000d8500000)
  to   space 5120K, 0% used [0x00000000d8500000,0x00000000d8500000,0x00000000d8a00000)
 ParOldGen       total 87552K, used 9218K [0x0000000081e00000, 0x0000000087380000, 0x00000000d5f80000)
  object space 87552K, 10% used [0x0000000081e00000,0x0000000082700af8,0x0000000087380000)
 Metaspace       used 20253K, capacity 20866K, committed 20992K, reserved 1067008K
  class space    used 2629K, capacity 2779K, committed 2816K, reserved 1048576K
}
Event: 189.191 GC heap before
{Heap before GC invocations=4 (full 0):
 PSYoungGen      total 38400K, used 7164K [0x00000000d5f80000, 0x00000000d8a00000, 0x0000000100000000)
  eden space 33280K, 6% used [0x00000000d5f80000,0x00000000d61831f0,0x00000000d8000000)
  from space 5120K, 99% used [0x00000000d8000000,0x00000000d84fc050,0x00000000d8500000)
  to   space 5120K, 0% used [0x00000000d8500000,0x00000000d8500000,0x00000000d8a00000)
 ParOldGen       total 87552K, used 9218K [0x0000000081e00000, 0x0000000087380000, 0x00000000d5f80000)
  object space 87552K, 10% used [0x0000000081e00000,0x0000000082700af8,0x0000000087380000)
 Metaspace       used 20605K, capacity 21296K, committed 21296K, reserved 1067008K
  class space    used 2690K, capacity 2864K, committed 2864K, reserved 1048576K
Event: 189.197 GC heap after
Heap after GC invocations=4 (full 0):
 PSYoungGen      total 38400K, used 5104K [0x00000000d5f80000, 0x00000000daa80000, 0x0000000100000000)
  eden space 33280K, 0% used [0x00000000d5f80000,0x00000000d5f80000,0x00000000d8000000)
  from space 5120K, 99% used [0x00000000d8500000,0x00000000d89fc050,0x00000000d8a00000)
  to   space 5120K, 0% used [0x00000000d8000000,0x00000000d8000000,0x00000000d8500000)
 ParOldGen       total 87552K, used 9379K [0x0000000081e00000, 0x0000000087380000, 0x00000000d5f80000)
  object space 87552K, 10% used [0x0000000081e00000,0x0000000082728dc0,0x0000000087380000)
 Metaspace       used 20605K, capacity 21296K, committed 21296K, reserved 1067008K
  class space    used 2690K, capacity 2864K, committed 2864K, reserved 1048576K
}
Event: 189.197 GC heap before
{Heap before GC invocations=5 (full 1):
 PSYoungGen      total 38400K, used 5104K [0x00000000d5f80000, 0x00000000daa80000, 0x0000000100000000)
  eden space 33280K, 0% used [0x00000000d5f80000,0x00000000d5f80000,0x00000000d8000000)
  from space 5120K, 99% used [0x00000000d8500000,0x00000000d89fc050,0x00000000d8a00000)
  to   space 5120K, 0% used [0x00000000d8000000,0x00000000d8000000,0x00000000d8500000)
 ParOldGen       total 87552K, used 9379K [0x0000000081e00000, 0x0000000087380000, 0x00000000d5f80000)
  object space 87552K, 10% used [0x0000000081e00000,0x0000000082728dc0,0x0000000087380000)
 Metaspace       used 20605K, capacity 21296K, committed 21296K, reserved 1067008K
  class space    used 2690K, capacity 2864K, committed 2864K, reserved 1048576K
Event: 189.255 GC heap after
Heap after GC invocations=5 (full 1):
 PSYoungGen      total 38400K, used 0K [0x00000000d5f80000, 0x00000000daa80000, 0x0000000100000000)
  eden space 33280K, 0% used [0x00000000d5f80000,0x00000000d5f80000,0x00000000d8000000)
  from space 5120K, 0% used [0x00000000d8500000,0x00000000d8500000,0x00000000d8a00000)
  to   space 5120K, 0% used [0x00000000d8000000,0x00000000d8000000,0x00000000d8500000)
 ParOldGen       total 49664K, used 8341K [0x0000000081e00000, 0x0000000084e80000, 0x00000000d5f80000)
  object space 49664K, 16% used [0x0000000081e00000,0x0000000082625558,0x0000000084e80000)
 Metaspace       used 20605K, capacity 21296K, committed 21296K, reserved 1067008K
  class space    used 2690K, capacity 2864K, committed 2864K, reserved 1048576K
}

Deoptimization events (10 events):
Event: 194.310 Thread 0x0000000002474800 Uncommon trap: reason=unhandled action=none pc=0x0000000002bebb8c method=java.net.URLClassLoader.findClass(Ljava/lang/String;)Ljava/lang/Class; @ 44
Event: 194.311 Thread 0x0000000002474800 Uncommon trap: reason=unhandled action=none pc=0x0000000002bebb8c method=java.net.URLClassLoader.findClass(Ljava/lang/String;)Ljava/lang/Class; @ 44
Event: 194.311 Thread 0x0000000002474800 Uncommon trap: reason=unhandled action=none pc=0x0000000002bebb8c method=java.net.URLClassLoader.findClass(Ljava/lang/String;)Ljava/lang/Class; @ 44
Event: 194.312 Thread 0x0000000002474800 Uncommon trap: reason=unhandled action=none pc=0x0000000002bebb8c method=java.net.URLClassLoader.findClass(Ljava/lang/String;)Ljava/lang/Class; @ 44
Event: 194.312 Thread 0x0000000002474800 Uncommon trap: reason=unhandled action=none pc=0x0000000002bebb8c method=java.net.URLClassLoader.findClass(Ljava/lang/String;)Ljava/lang/Class; @ 44
Event: 194.313 Thread 0x0000000002474800 Uncommon trap: reason=unhandled action=none pc=0x0000000002bebb8c method=java.net.URLClassLoader.findClass(Ljava/lang/String;)Ljava/lang/Class; @ 44
Event: 194.313 Thread 0x0000000002474800 Uncommon trap: reason=unhandled action=none pc=0x0000000002bebb8c method=java.net.URLClassLoader.findClass(Ljava/lang/String;)Ljava/lang/Class; @ 44
Event: 194.313 Thread 0x0000000002474800 Uncommon trap: reason=unhandled action=none pc=0x0000000002bebb8c method=java.net.URLClassLoader.findClass(Ljava/lang/String;)Ljava/lang/Class; @ 44
Event: 194.314 Thread 0x0000000002474800 Uncommon trap: reason=unhandled action=none pc=0x0000000002bebb8c method=java.net.URLClassLoader.findClass(Ljava/lang/String;)Ljava/lang/Class; @ 44
Event: 194.314 Thread 0x0000000002474800 Uncommon trap: reason=unhandled action=none pc=0x0000000002bebb8c method=java.net.URLClassLoader.findClass(Ljava/lang/String;)Ljava/lang/Class; @ 44

Classes redefined (3 events):
Event: 110.360 Thread 0x0000000017057000 redefined class name=com.NishaDrill.NishaDrill1.RunnerDrillNish, count=1
Event: 216.547 Thread 0x0000000017057000 redefined class name=com.NishaDrill.NishaDrill1.StepDefdrill, count=1
Event: 422.102 Thread 0x0000000017057000 redefined class name=com.NishaDrill.NishaDrill1.StepDefdrill, count=2

Internal exceptions (10 events):
Event: 188.991 Thread 0x000000001a039800 Exception <a 'java/net/SocketTimeoutException': connect timed out> (0x00000000d7a2d348) thrown at [C:\re\workspace\8-2-build-windows-amd64-cygwin\jdk8u201\12322\hotspot\src\share\vm\prims\jni.cpp, line 735]
Event: 189.048 Thread 0x0000000002474800 Exception <a 'java/lang/IncompatibleClassChangeError': Found class java.lang.Object, but interface was expected> (0x00000000d7b08718) thrown at [C:\re\workspace\8-2-build-windows-amd64-cygwin\jdk8u201\12322\hotspot\src\share\vm\interpreter\linkResolver.cp
Event: 189.050 Thread 0x0000000002474800 Exception <a 'java/lang/NoSuchMethodError': java.lang.Object.lambda$or$2(Ljava/util/function/Predicate;Ljava/lang/Object;)Z> (0x00000000d7b155c8) thrown at [C:\re\workspace\8-2-build-windows-amd64-cygwin\jdk8u201\12322\hotspot\src\share\vm\interpreter\lin
Event: 189.072 Thread 0x0000000002474800 Exception <a 'java/lang/ArrayIndexOutOfBoundsException': 110> (0x00000000d7c41fc8) thrown at [C:\re\workspace\8-2-build-windows-amd64-cygwin\jdk8u201\12322\hotspot\src\share\vm\interpreter\interpreterRuntime.cpp, line 368]
Event: 189.072 Thread 0x0000000002474800 Exception <a 'java/lang/ArrayIndexOutOfBoundsException': 67> (0x00000000d7c436b8) thrown at [C:\re\workspace\8-2-build-windows-amd64-cygwin\jdk8u201\12322\hotspot\src\share\vm\interpreter\interpreterRuntime.cpp, line 368]
Event: 189.072 Thread 0x0000000002474800 Exception <a 'java/lang/ArrayIndexOutOfBoundsException': 88> (0x00000000d7c44b18) thrown at [C:\re\workspace\8-2-build-windows-amd64-cygwin\jdk8u201\12322\hotspot\src\share\vm\interpreter\interpreterRuntime.cpp, line 368]
Event: 189.073 Thread 0x0000000002474800 Exception <a 'java/lang/ArrayIndexOutOfBoundsException': 92> (0x00000000d7c4a5a0) thrown at [C:\re\workspace\8-2-build-windows-amd64-cygwin\jdk8u201\12322\hotspot\src\share\vm\interpreter\interpreterRuntime.cpp, line 368]
Event: 189.073 Thread 0x0000000002474800 Exception <a 'java/lang/ArrayIndexOutOfBoundsException': 57> (0x00000000d7c4fb08) thrown at [C:\re\workspace\8-2-build-windows-amd64-cygwin\jdk8u201\12322\hotspot\src\share\vm\interpreter\interpreterRuntime.cpp, line 368]
Event: 189.113 Thread 0x0000000002474800 Exception <a 'java/lang/NoSuchMethodError': java.lang.Object.lambda$chars$0()Ljava/util/Spliterator$OfInt;> (0x00000000d7e385e0) thrown at [C:\re\workspace\8-2-build-windows-amd64-cygwin\jdk8u201\12322\hotspot\src\share\vm\interpreter\linkResolver.cpp, li
Event: 194.285 Thread 0x0000000002474800 Exception <a 'java/lang/NoSuchMethodError': java.lang.Object.lambda$getResponseFunction$0(Lorg/openqa/selenium/remote/InitialHandshakeResponse;)Lorg/openqa/selenium/remote/ProtocolHandshake$Result;> (0x00000000d6654f70) thrown at [C:\re\workspace\8-2-buil

Events (10 events):
Event: 422.118 Executing VM operation: ChangeBreakpoints
Event: 422.119 Executing VM operation: ChangeBreakpoints done
Event: 422.133 Executing VM operation: ChangeBreakpoints
Event: 422.134 Executing VM operation: ChangeBreakpoints done
Event: 422.143 Executing VM operation: ChangeBreakpoints
Event: 422.144 Executing VM operation: ChangeBreakpoints done
Event: 422.183 Executing VM operation: GetOwnedMonitorInfo
Event: 422.184 Executing VM operation: GetOwnedMonitorInfo done
Event: 422.184 Executing VM operation: GetCurrentContendedMonitor
Event: 422.184 Executing VM operation: GetCurrentContendedMonitor done


Dynamic libraries:
0x00007ff613e40000 - 0x00007ff613e77000 	C:\Program Files\Java\jdk1.8.0_201\bin\javaw.exe
0x00007ff805820000 - 0x00007ff805a10000 	C:\Windows\SYSTEM32\ntdll.dll
0x00007ff805020000 - 0x00007ff8050d2000 	C:\Windows\System32\KERNEL32.DLL
0x00007ff802e20000 - 0x00007ff8030c4000 	C:\Windows\System32\KERNELBASE.dll
0x00007ff8055c0000 - 0x00007ff805663000 	C:\Windows\System32\ADVAPI32.dll
0x00007ff8056d0000 - 0x00007ff80576e000 	C:\Windows\System32\msvcrt.dll
0x00007ff803f80000 - 0x00007ff804017000 	C:\Windows\System32\sechost.dll
0x00007ff803e60000 - 0x00007ff803f80000 	C:\Windows\System32\RPCRT4.dll
0x00007ff804510000 - 0x00007ff8046a4000 	C:\Windows\System32\USER32.dll
0x00007ff802d40000 - 0x00007ff802d61000 	C:\Windows\System32\win32u.dll
0x00007ff804ea0000 - 0x00007ff804ec6000 	C:\Windows\System32\GDI32.dll
0x00007ff8028a0000 - 0x00007ff802a34000 	C:\Windows\System32\gdi32full.dll
0x00007ff802800000 - 0x00007ff80289e000 	C:\Windows\System32\msvcp_win.dll
0x00007ff802c40000 - 0x00007ff802d3a000 	C:\Windows\System32\ucrtbase.dll
0x00007ffff9c40000 - 0x00007ffff9ec4000 	C:\Windows\WinSxS\amd64_microsoft.windows.common-controls_6595b64144ccf1df_6.0.18362.836_none_e6c4b943130f18ed\COMCTL32.dll
0x00007ff804080000 - 0x00007ff8043b6000 	C:\Windows\System32\combase.dll
0x00007ff8030d0000 - 0x00007ff803150000 	C:\Windows\System32\bcryptPrimitives.dll
0x00007ff8046b0000 - 0x00007ff8046de000 	C:\Windows\System32\IMM32.DLL
0x00007fffe7c10000 - 0x00007fffe7cc2000 	C:\Program Files\McAfee\Endpoint Security\Threat Prevention\Ips\EpMPApi.dll
0x00007ff802dc0000 - 0x00007ff802e1c000 	C:\Windows\System32\WINTRUST.dll
0x00007ff8026f0000 - 0x00007ff802702000 	C:\Windows\System32\MSASN1.dll
0x00007ff802af0000 - 0x00007ff802c39000 	C:\Windows\System32\CRYPT32.dll
0x0000000075980000 - 0x000000007598c000 	C:\Program Files\McAfee\Endpoint Security\Threat Prevention\Ips\EpMPThe.dll
0x0000000076e90000 - 0x0000000076f61000 	C:\Program Files\Java\jdk1.8.0_201\jre\bin\msvcr100.dll
0x0000000074380000 - 0x0000000074c24000 	C:\Program Files\Java\jdk1.8.0_201\jre\bin\server\jvm.dll
0x00007ff8057d0000 - 0x00007ff8057d8000 	C:\Windows\System32\PSAPI.DLL
0x00007ff800640000 - 0x00007ff800664000 	C:\Windows\SYSTEM32\WINMM.dll
0x00007fffee720000 - 0x00007fffee729000 	C:\Windows\SYSTEM32\WSOCK32.dll
0x00007ffff95b0000 - 0x00007ffff95ba000 	C:\Windows\SYSTEM32\VERSION.dll
0x00007ff8044a0000 - 0x00007ff80450f000 	C:\Windows\System32\WS2_32.dll
0x00007ff800610000 - 0x00007ff80063d000 	C:\Windows\SYSTEM32\WINMMBASE.dll
0x00007ff802d70000 - 0x00007ff802dba000 	C:\Windows\System32\cfgmgr32.dll
0x00007ffffd1e0000 - 0x00007ffffd1ef000 	C:\Program Files\Java\jdk1.8.0_201\jre\bin\verify.dll
0x00007fffeea30000 - 0x00007fffeea59000 	C:\Program Files\Java\jdk1.8.0_201\jre\bin\java.dll
0x00007fffdfd80000 - 0x00007fffdfdb5000 	C:\Program Files\Java\jdk1.8.0_201\jre\bin\jdwp.dll
0x00007ffffd1d0000 - 0x00007ffffd1d8000 	C:\Program Files\Java\jdk1.8.0_201\jre\bin\npt.dll
0x00007ffffca70000 - 0x00007ffffca86000 	C:\Program Files\Java\jdk1.8.0_201\jre\bin\zip.dll
0x00007ff8046e0000 - 0x00007ff804dc4000 	C:\Windows\System32\SHELL32.dll
0x00007ff803a30000 - 0x00007ff803ad9000 	C:\Windows\System32\shcore.dll
0x00007ff803150000 - 0x00007ff8038ce000 	C:\Windows\System32\windows.storage.dll
0x00007ff802780000 - 0x00007ff8027a3000 	C:\Windows\System32\profapi.dll
0x00007ff802730000 - 0x00007ff80277a000 	C:\Windows\System32\powrprof.dll
0x00007ff8026e0000 - 0x00007ff8026f0000 	C:\Windows\System32\UMPDC.dll
0x00007ff805770000 - 0x00007ff8057c2000 	C:\Windows\System32\shlwapi.dll
0x00007ff802710000 - 0x00007ff802721000 	C:\Windows\System32\kernel.appcore.dll
0x00007ff8027e0000 - 0x00007ff8027f7000 	C:\Windows\System32\cryptsp.dll
0x00007ffff67d0000 - 0x00007ffff67d9000 	C:\Program Files\Java\jdk1.8.0_201\jre\bin\dt_socket.dll
0x00007fffee700000 - 0x00007fffee716000 	C:\Windows\system32\napinsp.dll
0x00007fffee6e0000 - 0x00007fffee6fa000 	C:\Windows\system32\pnrpnsp.dll
0x00007ff801f50000 - 0x00007ff801fb7000 	C:\Windows\System32\mswsock.dll
0x00007ff801cb0000 - 0x00007ff801d7b000 	C:\Windows\SYSTEM32\DNSAPI.dll
0x00007ff803ca0000 - 0x00007ff803ca8000 	C:\Windows\System32\NSI.dll
0x00007ff801c60000 - 0x00007ff801c9a000 	C:\Windows\SYSTEM32\IPHLPAPI.DLL
0x00007fffee6d0000 - 0x00007fffee6de000 	C:\Windows\System32\winrnr.dll
0x00007ffffeef0000 - 0x00007ffffef0c000 	C:\Windows\system32\NLAapi.dll
0x00007fffee6b0000 - 0x00007fffee6c5000 	C:\Windows\system32\wshbth.dll
0x00007ffffb150000 - 0x00007ffffb1c7000 	C:\Windows\System32\fwpuclnt.dll
0x00007ff8027b0000 - 0x00007ff8027d6000 	C:\Windows\System32\bcrypt.dll
0x00007ffff9350000 - 0x00007ffff935a000 	C:\Windows\System32\rasadhlp.dll
0x00007fffe15b0000 - 0x00007fffe15ca000 	C:\Program Files\Java\jdk1.8.0_201\jre\bin\net.dll
0x00007ffff76a0000 - 0x00007ffff7876000 	C:\Windows\SYSTEM32\urlmon.dll
0x00007ffff73f0000 - 0x00007ffff7696000 	C:\Windows\SYSTEM32\iertutil.dll
0x00007ff802120000 - 0x00007ff80212c000 	C:\Windows\SYSTEM32\CRYPTBASE.DLL
0x00007fffd9b90000 - 0x00007fffd9bb4000 	C:\Program Files\Java\jdk1.8.0_201\jre\bin\sunec.dll
0x00007ffffb230000 - 0x00007ffffb246000 	C:\Windows\SYSTEM32\dhcpcsvc6.DLL
0x00007ffffb960000 - 0x00007ffffb97c000 	C:\Windows\SYSTEM32\dhcpcsvc.DLL
0x00007fffe0390000 - 0x00007fffe03a1000 	C:\Program Files\Java\jdk1.8.0_201\jre\bin\nio.dll
0x00007ff801ac0000 - 0x00007ff801af3000 	C:\Windows\system32\rsaenh.dll
0x00007ff802600000 - 0x00007ff802625000 	C:\Windows\SYSTEM32\USERENV.dll
0x00007ffff67c0000 - 0x00007ffff67cb000 	C:\Program Files\Java\jdk1.8.0_201\jre\bin\sunmscapi.dll
0x00007ffff2970000 - 0x00007ffff2b64000 	C:\Windows\SYSTEM32\dbghelp.dll

VM Arguments:
jvm_args: -agentlib:jdwp=transport=dt_socket,suspend=y,address=localhost:64156 -ea -Dfile.encoding=UTF-8 
java_command: org.eclipse.jdt.internal.junit.runner.RemoteTestRunner -version 3 -port 64155 -testLoaderClass org.eclipse.jdt.internal.junit4.runner.JUnit4TestLoader -loaderpluginname org.eclipse.jdt.junit4.runtime -classNames com.NishaDrill.NishaDrill1.RunnerDrillNish
java_class_path (initial): C:\Users\hp\maven\NishaDrill1\target\test-classes;C:\Users\hp\maven\NishaDrill1\target\classes;C:\Users\hp\.m2\repository\mysql\mysql-connector-java\8.0.20\mysql-connector-java-8.0.20.jar;C:\Users\hp\.m2\repository\com\google\protobuf\protobuf-java\3.6.1\protobuf-java-3.6.1.jar;C:\Users\hp\.m2\repository\org\seleniumhq\selenium\selenium-java\3.141.59\selenium-java-3.141.59.jar;C:\Users\hp\.m2\repository\org\seleniumhq\selenium\selenium-api\3.141.59\selenium-api-3.141.59.jar;C:\Users\hp\.m2\repository\org\seleniumhq\selenium\selenium-chrome-driver\3.141.59\selenium-chrome-driver-3.141.59.jar;C:\Users\hp\.m2\repository\org\seleniumhq\selenium\selenium-edge-driver\3.141.59\selenium-edge-driver-3.141.59.jar;C:\Users\hp\.m2\repository\org\seleniumhq\selenium\selenium-firefox-driver\3.141.59\selenium-firefox-driver-3.141.59.jar;C:\Users\hp\.m2\repository\org\seleniumhq\selenium\selenium-ie-driver\3.141.59\selenium-ie-driver-3.141.59.jar;C:\Users\hp\.m2\repository\org\seleniumhq\selenium\selenium-opera-driver\3.141.59\selenium-opera-driver-3.141.59.jar;C:\Users\hp\.m2\repository\org\seleniumhq\selenium\selenium-remote-driver\3.141.59\selenium-remote-driver-3.141.59.jar;C:\Users\hp\.m2\repository\org\seleniumhq\selenium\selenium-safari-driver\3.141.59\selenium-safari-driver-3.141.59.jar;C:\Users\hp\.m2\repository\org\seleniumhq\selenium\selenium-support\3.141.59\selenium-support-3.141.59.jar;C:\Users\hp\.m2\repository\net\bytebuddy\byte-buddy\1.8.15\byte-buddy-1.8.15.jar;C:\Users\hp\.m2\repository\org\apache\commons\commons-exec\1.3\commons-exec-1.3.jar;C:\Users\hp\.m2\repository\com\google\guava\guava\25.0-jre\guava-25.0-jre.jar;C:\Users\hp\.m2\repository\com\google\code\findbugs\jsr305\1.3.9\jsr305-1.3.9.jar;C:\Users\hp\.m2\repository\org\checkerframework\checker-compat-qual\2.0.0\checker-compat-qual-2.0.0.jar;C:\Users\hp\.m2\repository\com\google\errorprone\error_prone_annotations\2.1.3\error_prone_annotations-2.1.3.jar;C:\Users\hp\.m2\reposi
Launcher Type: SUN_STANDARD

Environment Variables:
PATH=C:\Program Files\Java\jdk1.8.0_201\jre\bin;C:/Program Files/Java/jre1.8.0_201/bin/server;C:/Program Files/Java/jre1.8.0_201/bin;C:/Program Files/Java/jre1.8.0_201/lib/amd64;C:\Program Files (x86)\Common Files\Oracle\Java\javapath;C:\Windows\system32;C:\Windows;C:\Windows\System32\Wbem;C:\Windows\System32\WindowsPowerShell\v1.0\;C:\Windows\System32\OpenSSH\;C:\Users\maven\apache-maven-3.6.3\bin;C:\Program Files\Git\cmd;C:\Users\hp\AppData\Local\Microsoft\WindowsApps;;C:\Intellij\IntelliJ IDEA Community Edition 2020.1.1\bin;;C:\Users\hp\Desktop;
USERNAME=ITSUPPORT
OS=Windows_NT
PROCESSOR_IDENTIFIER=Intel64 Family 6 Model 58 Stepping 9, GenuineIntel



---------------  S Y S T E M  ---------------

OS: Windows 10.0 , 64 bit Build 18362 (10.0.18362.778)

CPU:total 4 (initial active 4) (4 cores per cpu, 1 threads per core) family 6 model 58 stepping 9, cmov, cx8, fxsr, mmx, sse, sse2, sse3, ssse3, sse4.1, sse4.2, popcnt, avx, aes, clmul, erms, tsc, tscinvbit, tscinv

Memory: 4k page, physical 8260548k(1986036k free), swap 10536468k(2044220k free)

vm_info: Java HotSpot(TM) 64-Bit Server VM (25.201-b09) for windows-amd64 JRE (1.8.0_201-b09), built on Dec 15 2018 18:36:39 by "java_re" with MS VC++ 10.0 (VS2010)

time: Tue Jun 02 14:43:17 2020
timezone: Sri Lanka Standard Time
elapsed time: 422 seconds (0d 0h 7m 2s)

